<?xml version="1.0" encoding="UTF-8"?>
<!-- Generated by org.testng.reporters.JUnitReportReporter -->
<testsuite hostname="ASY-WIN10-74" failures="1" tests="34" name="com.example.TestRunner" time="293.617" errors="0" timestamp="2021-05-13T19:41:35 NZST" skipped="0">
  <testcase classname="com.example.TestRunner" name="runScenario" time="8.462"/>
  <system-out/>
  <testcase classname="com.example.TestRunner" name="runScenario" time="10.808"/>
  <system-out/>
  <testcase classname="com.example.TestRunner" name="runScenario" time="8.047"/>
  <system-out/>
  <testcase classname="com.example.TestRunner" name="runScenario" time="8.038"/>
  <system-out/>
  <testcase classname="com.example.TestRunner" name="runScenario" time="9.468"/>
  <system-out/>
  <testcase classname="com.example.TestRunner" name="runScenario" time="10.210"/>
  <system-out/>
  <testcase classname="com.example.TestRunner" name="runScenario" time="6.379"/>
  <system-out/>
  <testcase classname="com.example.TestRunner" name="runScenario" time="7.271"/>
  <system-out/>
  <testcase classname="com.example.TestRunner" name="runScenario" time="7.971"/>
  <system-out/>
  <testcase classname="com.example.TestRunner" name="runScenario" time="11.160"/>
  <system-out/>
  <testcase classname="com.example.TestRunner" name="runScenario" time="8.681"/>
  <system-out/>
  <testcase classname="com.example.TestRunner" name="runScenario" time="8.756"/>
  <system-out/>
  <testcase classname="com.example.TestRunner" name="runScenario" time="8.541"/>
  <system-out/>
  <testcase classname="com.example.TestRunner" name="runScenario" time="8.053"/>
  <system-out/>
  <testcase classname="com.example.TestRunner" name="runScenario" time="6.711"/>
  <system-out/>
  <testcase classname="com.example.TestRunner" name="runScenario" time="8.356"/>
  <system-out/>
  <testcase classname="com.example.TestRunner" name="runScenario" time="11.681"/>
  <system-out/>
  <testcase classname="com.example.TestRunner" name="runScenario" time="5.486"/>
  <system-out/>
  <testcase classname="com.example.TestRunner" name="runScenario" time="9.839">
    <failure message="expected [true] but found [false]" type="java.lang.AssertionError">
      <![CDATA[java.lang.AssertionError: expected [true] but found [false]
at org.testng.Assert.fail(Assert.java:99)
at org.testng.Assert.failNotEquals(Assert.java:1037)
at org.testng.Assert.assertTrue(Assert.java:45)
at org.testng.Assert.assertTrue(Assert.java:55)
at com.example.PopularMakePage.validateAuthorCol(PopularMakePage.java:107)
at com.example.StepDefinitions.PopularMakeStepDefs.validateIfTheAuthorColumnIsPopulated(PopularMakeStepDefs.java:74)
at âœ½.validate if the Author column is populated(file:///C:/Users/mondelop/Desktop/Java%20Selenium/WestPac4/sample-cucumber-testng/src/test/resources/features/PopularMakeTest.feature:36)
]]>
    </failure>
  </testcase> <!-- runScenario -->
  <system-out/>
  <testcase classname="com.example.TestRunner" name="runScenario" time="7.979"/>
  <system-out/>
  <testcase classname="com.example.TestRunner" name="runScenario" time="8.678"/>
  <system-out/>
  <testcase classname="com.example.TestRunner" name="runScenario" time="7.169"/>
  <system-out/>
  <testcase classname="com.example.TestRunner" name="runScenario" time="10.412"/>
  <system-out/>
  <testcase classname="com.example.TestRunner" name="runScenario" time="12.355"/>
  <system-out/>
  <testcase classname="com.example.TestRunner" name="runScenario" time="9.470"/>
  <system-out/>
  <testcase classname="com.example.TestRunner" name="runScenario" time="9.942"/>
  <system-out/>
  <testcase classname="com.example.TestRunner" name="runScenario" time="8.125"/>
  <system-out/>
  <testcase classname="com.example.TestRunner" name="runScenario" time="8.621"/>
  <system-out/>
  <testcase classname="com.example.TestRunner" name="runScenario" time="7.543"/>
  <system-out/>
  <testcase classname="com.example.TestRunner" name="runScenario" time="8.061"/>
  <system-out/>
  <testcase classname="com.example.TestRunner" name="runScenario" time="6.088"/>
  <system-out/>
  <testcase classname="com.example.TestRunner" name="runScenario" time="7.944"/>
  <system-out/>
  <testcase classname="com.example.TestRunner" name="runScenario" time="8.925"/>
  <system-out/>
  <testcase classname="com.example.TestRunner" name="runScenario" time="8.387"/>
  <system-out/>
</testsuite> <!-- com.example.TestRunner -->
